[D:\xampp\htdocs\blu4\framework\code\c-templates.php:216](sqli::__call): Specified template 2000 does not exist.
[D:\xampp\htdocs\blu4\framework\code\c-templates.php:216](sqli::__call): Specified template 2001 does not exist.
[D:\xampp\htdocs\blu4\framework\code\c-templates.php:216](sqli::__call): Specified template 2001 does not exist.
[D:\xampp\htdocs\blu4\framework\code\c-templates.php:216](sqli::__call): Specified template 2001 does not exist.
[D:\xampp\htdocs\blu4\framework\code\c-templates.php:216](sqli::__call): Specified template 2001 does not exist.
[D:\xampp\htdocs\blu4\framework\code\c-templates.php:216](sqli::__call): Specified template 2001 does not exist.
[D:\xampp\htdocs\blu4\framework\code\c-templates.php:216](sqli::__call): Specified template 2001 does not exist.
[D:\xampp\htdocs\blu4\framework\code\c-templates.php:231](sqli::__call): Specified template users-addfriend does not exist.
[D:\xampp\htdocs\blu4\shout.php:16](sqli::query): no such table: shouts
[D:\xampp\htdocs\blu4\shout.php:20](sqli::query): no such table: shouts
[D:\xampp\htdocs\blu4\shout.php:20](sqli::query): no such table: shouts
[D:\xampp\htdocs\blu4\shout.php:20](sqli::query): no such table: shouts
[D:\xampp\htdocs\blu4\shout.php:15](sqli::query): near "AUTO_INCREMENT": syntax error
[D:\xampp\htdocs\blu4\shout.php:22](sqli::query): no such table: shouts
[]::[D:\xampp\htdocs\blu4\header.php:49](sqli::test_database): Testing of database failed!
[]::[D:\xampp\htdocs\blu4\header.php:73](sqli::test_database): Testing of database failed!
[06.25.2011 06:20:15 PM]::[D:\xampp\htdocs\blu4\header.php:49](sqli::test_database): Testing of database failed!
[06.25.2011 06:20:15 PM]::[D:\xampp\htdocs\blu4\header.php:73](sqli::test_database): Testing of database failed!
[06.25.2011 07:44:51 PM]::[D:\xampp\htdocs\blu4\header.php:49](sqli::test_database): Testing of database failed!
[06.25.2011 07:44:51 PM]::[D:\xampp\htdocs\blu4\header.php:73](sqli::test_database): Testing of database failed!
[06.25.2011 07:44:53 PM]::[D:\xampp\htdocs\blu4\header.php:49](sqli::test_database): Testing of database failed!
[06.25.2011 07:44:53 PM]::[D:\xampp\htdocs\blu4\header.php:73](sqli::test_database): Testing of database failed!
